No datetime | INFO | Get public repos for user: nasa
No datetime | INFO | Request GET https://api.github.com/users/nasa/repos?page=1&per_page=20
No datetime | INFO |   1 nasa  1d-pinn-reconstruction  
No datetime | INFO |   2 nasa  889-Compliance-SAM-Tool-  
No datetime | INFO |   3 nasa  abaverify  
No datetime | INFO |   4 nasa  ACCoRD  
No datetime | INFO |   5 nasa  ADOPT  
No datetime | INFO |   6 nasa  aerie  
No datetime | INFO |   7 nasa  AGTF30  
No datetime | INFO |   8 nasa  AI4LS  
No datetime | INFO |   9 nasa  airfoil-learning  
No datetime | INFO |  10 nasa  aladyn  
No datetime | INFO |  11 nasa  aladynpi  
No datetime | INFO |  12 nasa  AmesGCM  
No datetime | INFO |  13 nasa  AMMPER  
No datetime | INFO |  14 nasa  Analysis_SDK  
No datetime | INFO |  15 nasa  aos-dr  
No datetime | INFO |  16 nasa  api-docs  
No datetime | INFO |  17 nasa  api-docs-stage  
No datetime | INFO |  18 nasa  apod-api  
No datetime | INFO |  19 nasa  AppEEARS-Data-Resources  
No datetime | INFO |  20 nasa  AprilNav  
No datetime | INFO | ------

No datetime | INFO | Get public repos for user: nasa
No datetime | INFO | Request GET https://api.github.com/users/nasa/repos?page=2&per_page=20
No datetime | INFO |  21 nasa  AQUAMI-TGO  
No datetime | INFO |  22 nasa  ARC-SGE-interns-19  
No datetime | INFO |  23 nasa  ASDC_DAAC_TUTORIALS  
No datetime | INFO |  24 nasa  ASDC_Data_and_User_Services  
No datetime | INFO |  25 nasa  astrobee  
No datetime | INFO |  26 nasa  astrobee_android  
No datetime | INFO |  27 nasa  astrobee_gds  
No datetime | INFO |  28 nasa  astrobee_media  
No datetime | INFO |  29 nasa  astrobot  
No datetime | INFO |  30 nasa  atd2-fuser  
No datetime | INFO |  31 nasa  autodoc  
No datetime | INFO |  32 nasa  BGA  
No datetime | INFO |  33 nasa  bingo  
No datetime | INFO |  34 nasa  bingocpp  
No datetime | INFO |  35 nasa  bp  
No datetime | INFO |  36 nasa  bplib  
No datetime | INFO |  37 nasa  BrightComets  
No datetime | INFO |  38 nasa  camel  
No datetime | INFO |  39 nasa  cape  
No datetime | INFO |  40 nasa  cape-doc  
No datetime | INFO | ------

No datetime | INFO | EOF
